<?xml version="1.0" encoding="UTF-8"?>
<!-- Generated by org.testng.reporters.JUnitXMLReporter -->
<testsuite ignored="0" hostname="acer" failures="0" tests="13" name="Test" time="33.96" errors="0" timestamp="2023-01-25T23:03:33 IST">
  <testcase classname="Testcases.searchpageTest" name="@BeforeTest setup" time="31.518">
    <failure type="org.openqa.selenium.NoSuchElementException" message="no such element: Unable to locate element: {&amp;quot;method&amp;quot;:&amp;quot;css selector&amp;quot;,&amp;quot;selector&amp;quot;:&amp;quot;*[name=&amp;apos;key&amp;apos;]&amp;quot;}
  (Session info: chrome=109.0.5414.76)
For documentation on this error, please visit: https://selenium.dev/exceptions/#no_such_element
Build info: version: &amp;apos;4.2.2&amp;apos;, revision: &amp;apos;683ccb65d6&amp;apos;
System info: host: &amp;apos;ACER&amp;apos;, ip: &amp;apos;192.168.0.103&amp;apos;, os.name: &amp;apos;Windows 11&amp;apos;, os.arch: &amp;apos;amd64&amp;apos;, os.version: &amp;apos;10.0&amp;apos;, java.version: &amp;apos;17.0.2&amp;apos;
Driver info: org.openqa.selenium.chrome.ChromeDriver
Command: [8fe1f86845821f2479a01422d6735fb9, findElement {using=name, value=key}]
Capabilities {acceptInsecureCerts: false, browserName: chrome, browserVersion: 109.0.5414.76, chrome: {chromedriverVersion: 109.0.5414.74 (e7c5703604da..., userDataDir: C:\Users\arcot\AppData\Loca...}, goog:chromeOptions: {debuggerAddress: localhost:55438}, networkConnectionEnabled: false, pageLoadStrategy: normal, platformName: WINDOWS, proxy: Proxy(), se:cdp: ws://localhost:55438/devtoo..., se:cdpVersion: 109.0.5414.76, setWindowRect: true, strictFileInteractability: false, timeouts: {implicit: 0, pageLoad: 300000, script: 30000}, unhandledPromptBehavior: dismiss and notify, webauthn:extension:credBlob: true, webauthn:extension:largeBlob: true, webauthn:virtualAuthenticators: true}
Session ID: 8fe1f86845821f2479a01422d6735fb9">
      <![CDATA[org.openqa.selenium.NoSuchElementException: no such element: Unable to locate element: {"method":"css selector","selector":"*[name='key']"}
  (Session info: chrome=109.0.5414.76)
For documentation on this error, please visit: https://selenium.dev/exceptions/#no_such_element
Build info: version: '4.2.2', revision: '683ccb65d6'
System info: host: 'ACER', ip: '192.168.0.103', os.name: 'Windows 11', os.arch: 'amd64', os.version: '10.0', java.version: '17.0.2'
Driver info: org.openqa.selenium.chrome.ChromeDriver
Command: [8fe1f86845821f2479a01422d6735fb9, findElement {using=name, value=key}]
Capabilities {acceptInsecureCerts: false, browserName: chrome, browserVersion: 109.0.5414.76, chrome: {chromedriverVersion: 109.0.5414.74 (e7c5703604da..., userDataDir: C:\Users\arcot\AppData\Loca...}, goog:chromeOptions: {debuggerAddress: localhost:55438}, networkConnectionEnabled: false, pageLoadStrategy: normal, platformName: WINDOWS, proxy: Proxy(), se:cdp: ws://localhost:55438/devtoo..., se:cdpVersion: 109.0.5414.76, setWindowRect: true, strictFileInteractability: false, timeouts: {implicit: 0, pageLoad: 300000, script: 30000}, unhandledPromptBehavior: dismiss and notify, webauthn:extension:credBlob: true, webauthn:extension:largeBlob: true, webauthn:virtualAuthenticators: true}
Session ID: 8fe1f86845821f2479a01422d6735fb9
at org.openqa.selenium.remote.codec.w3c.W3CHttpResponseCodec.createException(W3CHttpResponseCodec.java:200)
at org.openqa.selenium.remote.codec.w3c.W3CHttpResponseCodec.decode(W3CHttpResponseCodec.java:133)
at org.openqa.selenium.remote.codec.w3c.W3CHttpResponseCodec.decode(W3CHttpResponseCodec.java:53)
at org.openqa.selenium.remote.HttpCommandExecutor.execute(HttpCommandExecutor.java:184)
at org.openqa.selenium.remote.service.DriverCommandExecutor.invokeExecute(DriverCommandExecutor.java:167)
at org.openqa.selenium.remote.service.DriverCommandExecutor.execute(DriverCommandExecutor.java:142)
at org.openqa.selenium.remote.RemoteWebDriver.execute(RemoteWebDriver.java:588)
at org.openqa.selenium.remote.ElementLocation$ElementFinder$2.findElement(ElementLocation.java:162)
at org.openqa.selenium.remote.ElementLocation.findElement(ElementLocation.java:60)
at org.openqa.selenium.remote.RemoteWebDriver.findElement(RemoteWebDriver.java:406)
at org.openqa.selenium.remote.RemoteWebDriver.findElement(RemoteWebDriver.java:398)
at org.openqa.selenium.support.pagefactory.DefaultElementLocator.findElement(DefaultElementLocator.java:70)
at org.openqa.selenium.support.pagefactory.internal.LocatingElementHandler.invoke(LocatingElementHandler.java:39)
at jdk.proxy2/jdk.proxy2.$Proxy13.click(Unknown Source)
at com.qa.Pages.HomePage.VerifySearch(HomePage.java:63)
at Testcases.searchpageTest.setup(searchpageTest.java:32)
... Removed 29 stack frames]]>
    </failure>
  </testcase> <!-- @BeforeTest setup -->
  <testcase classname="Testcases.firstTest" name="@BeforeMethod setup" time="0.0">
    <skipped/>
  </testcase> <!-- @BeforeMethod setup -->
  <testcase classname="Testcases.firstTest" name="@BeforeMethod setup" time="0.0">
    <skipped/>
  </testcase> <!-- @BeforeMethod setup -->
  <testcase classname="Testcases.firstTest" name="@BeforeMethod setup" time="0.0">
    <skipped/>
  </testcase> <!-- @BeforeMethod setup -->
  <testcase classname="Testcases.firstTest" name="@BeforeMethod setup" time="0.0">
    <skipped/>
  </testcase> <!-- @BeforeMethod setup -->
  <testcase classname="Testcases.firstTest" name="@BeforeMethod setup" time="0.0">
    <skipped/>
  </testcase> <!-- @BeforeMethod setup -->
  <testcase classname="Testcases.firstTest" name="@BeforeMethod setup" time="0.0">
    <skipped/>
  </testcase> <!-- @BeforeMethod setup -->
  <testcase classname="Testcases.HomePageTest" name="@BeforeMethod setup" time="0.0">
    <skipped/>
  </testcase> <!-- @BeforeMethod setup -->
  <testcase classname="Testcases.HomePageTest" name="@BeforeMethod setup" time="0.0">
    <skipped/>
  </testcase> <!-- @BeforeMethod setup -->
  <testcase classname="Testcases.HomePageTest" name="@BeforeMethod setup" time="0.0">
    <skipped/>
  </testcase> <!-- @BeforeMethod setup -->
  <testcase classname="Testcases.PaymentPageTest" name="@BeforeMethod setup" time="0.0">
    <skipped/>
  </testcase> <!-- @BeforeMethod setup -->
  <testcase classname="Testcases.PaymentPageTest" name="@BeforeMethod setup" time="0.0">
    <skipped/>
  </testcase> <!-- @BeforeMethod setup -->
  <testcase classname="Testcases.HomePageTest" name="@AfterTest teardown" time="0.0">
    <skipped/>
  </testcase> <!-- @AfterTest teardown -->
  <testcase classname="Testcases.PaymentPageTest" name="@AfterTest teardown" time="0.0">
    <skipped/>
  </testcase> <!-- @AfterTest teardown -->
  <testcase classname="Testcases.firstTest" name="@AfterTest teardown2" time="0.0">
    <skipped/>
  </testcase> <!-- @AfterTest teardown2 -->
  <testcase classname="Testcases.searchpageTest" name="@AfterTest teardown" time="0.0">
    <skipped/>
  </testcase> <!-- @AfterTest teardown -->
  <testcase classname="Testcases.firstTest" name="verifydataxl" time="0.001">
    <skipped/>
  </testcase> <!-- verifydataxl -->
  <testcase classname="Testcases.firstTest" name="verifydataxl" time="0.0">
    <skipped/>
  </testcase> <!-- verifydataxl -->
  <testcase classname="Testcases.firstTest" name="verifydataxl" time="0.0">
    <skipped/>
  </testcase> <!-- verifydataxl -->
  <testcase classname="Testcases.firstTest" name="verifydataxl" time="0.0">
    <skipped/>
  </testcase> <!-- verifydataxl -->
  <testcase classname="Testcases.firstTest" name="LoginPageTitleTest" time="0.001">
    <skipped/>
  </testcase> <!-- LoginPageTitleTest -->
  <testcase classname="Testcases.firstTest" name="teardown" time="0.0">
    <skipped/>
  </testcase> <!-- teardown -->
  <testcase classname="Testcases.HomePageTest" name="HomePageTitleTest" time="0.001">
    <skipped/>
  </testcase> <!-- HomePageTitleTest -->
  <testcase classname="Testcases.HomePageTest" name="UserNameVerifyTest" time="0.0">
    <skipped/>
  </testcase> <!-- UserNameVerifyTest -->
  <testcase classname="Testcases.HomePageTest" name="VerifySearchTest" time="0.0">
    <skipped/>
  </testcase> <!-- VerifySearchTest -->
  <testcase classname="Testcases.searchpageTest" name="verifytitle" time="0.0">
    <skipped/>
  </testcase> <!-- verifytitle -->
  <testcase classname="Testcases.searchpageTest" name="verifywish" time="0.0">
    <skipped/>
  </testcase> <!-- verifywish -->
  <testcase classname="Testcases.PaymentPageTest" name="verifytitle" time="0.001">
    <skipped/>
  </testcase> <!-- verifytitle -->
  <testcase classname="Testcases.PaymentPageTest" name="Checkpaymentpage" time="0.0">
    <skipped/>
  </testcase> <!-- Checkpaymentpage -->
</testsuite> <!-- Test -->
